
404 error at 08-06-2015 21:50:27: http://localhost:5000/udududdj
500 error at 08-06-2015 21:53:29: http://localhost:5000/
404 error at 10-06-2015 08:31:41: http://localhost/This-route-does-not-exist
404 error at 10-06-2015 08:32:35: http://localhost:5000/favicon.ico
404 error at 10-06-2015 08:32:35: http://localhost:5000/favicon.ico
404 error at 10-06-2015 08:32:37: http://localhost:5000/fff
404 error at 10-06-2015 08:33:35: http://localhost/This-route-does-not-exist
404 error at 10-06-2015 08:34:33: http://localhost/This-route-does-not-exist
404 error at 10-06-2015 08:36:38: http://localhost/This-route-does-not-exist
404 error at 11-06-2015 22:16:07: http://localhost/This-route-does-not-exist
404 error at 18-06-2015 10:17:30: http://localhost/This-route-does-not-exist
404 error at 18-06-2015 10:17:50: http://localhost/This-route-does-not-exist
404 error at 18-06-2015 10:25:04: http://localhost/This-route-does-not-exist
404 error at 18-06-2015 10:25:26: http://localhost/This-route-does-not-exist
404 error at 18-06-2015 10:27:25: http://localhost/This-route-does-not-exist
404 error at 18-06-2015 10:27:48: http://localhost/This-route-does-not-exist
404 error at 18-06-2015 10:47:27: http://localhost/This-route-does-not-exist
404 error at 18-06-2015 10:47:50: http://localhost/This-route-does-not-exist
404 error at 18-06-2015 10:55:34: http://localhost/This-route-does-not-exist
404 error at 18-06-2015 16:01:18: http://localhost/This-route-does-not-exist
404 error at 18-06-2015 18:47:52: http://localhost/This-route-does-not-exist
404 error at 18-06-2015 19:07:52: http://localhost/This-route-does-not-exist
404 error at 19-06-2015 09:07:57: http://localhost/This-route-does-not-exist
404 error at 19-06-2015 09:08:19: http://localhost/This-route-does-not-exist
404 error at 19-06-2015 17:51:30: http://localhost/This-route-does-not-exist
404 error at 19-06-2015 17:57:38: http://localhost/This-route-does-not-exist
404 error at 19-06-2015 18:07:21: http://localhost/This-route-does-not-exist
404 error at 19-06-2015 18:08:09: http://localhost/This-route-does-not-exist
404 error at 19-06-2015 18:09:06: http://localhost/This-route-does-not-exist
404 error at 19-06-2015 18:15:56: http://localhost/This-route-does-not-exist
404 error at 19-06-2015 18:17:34: http://localhost/This-route-does-not-exist
404 error at 19-06-2015 18:20:30: http://localhost/This-route-does-not-exist
404 error at 19-06-2015 18:21:15: http://localhost/This-route-does-not-exist
404 error at 19-06-2015 18:22:35: http://localhost/This-route-does-not-exist
404 error at 19-06-2015 18:23:15: http://localhost/This-route-does-not-exist
404 error at 19-06-2015 18:24:12: http://localhost/This-route-does-not-exist
404 error at 20-06-2015 12:42:09: http://localhost/This-route-does-not-exist
404 error at 20-06-2015 19:42:11: http://localhost/This-route-does-not-exist
404 error at 20-06-2015 19:44:39: http://localhost/This-route-does-not-exist